Sat Apr 15 00:08:44 EDT 2017 : Apache Derby Network Server - 10.11.1.2 - (1629631) started and ready to accept connections on port 1527
----------------------------------------------------------------
Sat Apr 15 00:09:00 EDT 2017:
Booting Derby version The Apache Software Foundation - Apache Derby - 10.11.1.2 - (1629631): instance a816c00e-015b-6fcc-7d74-ffffb23504e6 
on database directory C:\Users\iimax\Documents\GitHub\SWENG421_TeamProject\Derby\recipe_application with class loader sun.misc.Launcher$AppClassLoader@6f94fa3e 
Loaded from file:/C:/Program%20Files/Java/jdk1.8.0_111/db/lib/derby.jar
java.vendor=Oracle Corporation
java.runtime.version=1.8.0_111-b14
user.dir=C:\Program Files\Java\jdk1.8.0_111\db
os.name=Windows 10
os.arch=amd64
os.version=10.0
derby.system.home=C:\Users\iimax\Documents\GitHub\SWENG421_TeamProject\Derby
Database Class Loader started - derby.database.classpath=''
----------------------------------------------------------------
Sat Apr 15 01:28:33 EDT 2017: Shutting down Derby engine
----------------------------------------------------------------
Sat Apr 15 01:28:33 EDT 2017:
Shutting down instance a816c00e-015b-6fcc-7d74-ffffb23504e6 on database directory C:\Users\iimax\Documents\GitHub\SWENG421_TeamProject\Derby\recipe_application with class loader sun.misc.Launcher$AppClassLoader@6f94fa3e 
----------------------------------------------------------------
